\BOOKMARK [0][-]{chapter*.2}{\376\377\144\130\211\201}{}% 1
\BOOKMARK [0][-]{chapter*.3}{Abstract}{}% 2
\BOOKMARK [0][-]{section*.4}{\376\377\166\356\000\040\137\125}{}% 3
\BOOKMARK [0][-]{chapter.1}{\376\377\173\054\116\000\172\340\000\040\000\040\176\352\213\272}{}% 4
\BOOKMARK [1][-]{section.1.1}{\376\377\0001\000.\0001\000\040\170\024\172\166\200\314\146\157\123\312\126\375\121\205\131\026\170\024\172\166\163\260\162\266}{chapter.1}% 5
\BOOKMARK [2][-]{subsection.1.1.1}{\376\377\0001\000.\0001\000.\0001\000\040\171\136\176\317\177\121\176\334\213\241\173\227\147\072\116\016\202\257\162\107}{section.1.1}% 6
\BOOKMARK [2][-]{subsection.1.1.2}{\376\377\0001\000.\0001\000.\0002\000\040\155\361\136\246\133\146\116\140\131\004\164\006\126\150}{section.1.1}% 7
\BOOKMARK [1][-]{section.1.2}{\376\377\0001\000.\0002\000\040\170\024\172\166\141\017\116\111\123\312\122\115\146\157}{chapter.1}% 8
\BOOKMARK [1][-]{section.1.3}{\376\377\0001\000.\0003\000\040\170\024\172\166\121\205\133\271\123\312\176\323\147\204\133\211\143\222}{chapter.1}% 9
\BOOKMARK [0][-]{chapter.2}{\376\377\173\054\116\214\172\340\000\040\000\040\166\370\121\163\142\200\147\057\116\313\176\315}{}% 10
\BOOKMARK [1][-]{section.2.1}{\376\377\0002\000.\0001\000\040\155\361\136\246\171\136\176\317\177\121\176\334\151\202\217\360}{chapter.2}% 11
\BOOKMARK [2][-]{subsection.2.1.1}{\376\377\0002\000.\0001\000.\0001\000\040\141\037\167\345\147\072\152\041\127\213}{section.2.1}% 12
\BOOKMARK [2][-]{subsection.2.1.2}{\376\377\0002\000.\0001\000.\0002\000\040\123\167\171\357\171\136\176\317\177\121\176\334\151\202\217\360}{section.2.1}% 13
\BOOKMARK [2][-]{subsection.2.1.3}{\376\377\0002\000.\0001\000.\0003\000\040\000L\000e\000N\000e\000t\0005\000\040\116\313\176\315}{section.2.1}% 14
\BOOKMARK [2][-]{subsection.2.1.4}{\376\377\0002\000.\0001\000.\0004\000\040\000R\000e\000s\000n\000e\000t\000\040\0001\0008\000\040\177\121\176\334\176\323\147\204}{section.2.1}% 15
\BOOKMARK [1][-]{section.2.2}{\376\377\0002\000.\0002\000\040\000F\000P\000G\000A\000\040\116\016\000\040\000Z\000Y\000N\000Q\000\040\126\150\116\366}{chapter.2}% 16
\BOOKMARK [1][-]{section.2.3}{\376\377\0002\000.\0003\000\040\171\136\176\317\177\121\176\334\170\154\116\366\122\240\220\037\136\163\123\360}{chapter.2}% 17
\BOOKMARK [2][-]{subsection.2.3.1}{\376\377\0002\000.\0003\000.\0001\000\040\117\027\150\070\131\004\164\006\126\150}{section.2.3}% 18
\BOOKMARK [2][-]{subsection.2.3.2}{2.3.2\040GPU}{section.2.3}% 19
\BOOKMARK [2][-]{subsection.2.3.3}{2.3.3\040Google\040TPU}{section.2.3}% 20
\BOOKMARK [2][-]{subsection.2.3.4}{\376\377\0002\000.\0003\000.\0004\000\040\000D\000i\000a\000n\000N\000a\000o\000\040\174\373\122\027}{section.2.3}% 21
\BOOKMARK [2][-]{subsection.2.3.5}{2.3.5\040NVIDIA\040Deep\040Learning\040Accelerator}{section.2.3}% 22
\BOOKMARK [0][-]{chapter.3}{\376\377\173\054\116\011\172\340\000\040\000\040\174\373\176\337\140\073\117\123\213\276\213\241}{}% 23
\BOOKMARK [1][-]{section.3.1}{\376\377\0003\000.\0001\000\040\174\373\176\337\213\276\213\241\150\106\126\376}{chapter.3}% 24
\BOOKMARK [1][-]{section.3.2}{\376\377\0003\000.\0002\000\040\170\154\116\366\213\276\213\241\147\266\147\204\116\016\116\222\200\124}{chapter.3}% 25
\BOOKMARK [1][-]{section.3.3}{\376\377\0003\000.\0003\000\040\232\214\213\301\136\163\123\360}{chapter.3}% 26
\BOOKMARK [1][-]{section.3.4}{\376\377\0003\000.\0004\000\040\165\050\142\067\123\313\131\175\166\204\217\223\121\145\230\165\227\142\213\276\213\241\145\271\150\110}{chapter.3}% 27
\BOOKMARK [0][-]{chapter.4}{\376\377\173\054\126\333\172\340\000\040\000\040\170\154\116\366\213\276\213\241\133\236\163\260}{}% 28
\BOOKMARK [1][-]{section.4.1}{\376\377\0004\000.\0001\000\040\000X\000i\000l\000i\000n\000x\000\040\000F\000P\000G\000A\000\040\213\276\213\241\131\127\116\366}{chapter.4}% 29
\BOOKMARK [1][-]{section.4.2}{\376\377\0004\000.\0002\000\040\000N\000V\000D\000L\000A\000\040\170\154\116\366\213\276\213\241\151\202\217\360}{chapter.4}% 30
\BOOKMARK [2][-]{subsection.4.2.1}{\376\377\0004\000.\0002\000.\0001\000\040\000N\000V\000D\000L\000A\000\040\170\154\116\366\176\323\147\204\122\006\147\220}{section.4.2}% 31
\BOOKMARK [2][-]{subsection.4.2.2}{\376\377\0004\000.\0002\000.\0002\000\040\000N\000V\000D\000L\000A\000\040\201\352\133\232\116\111\221\115\177\156}{section.4.2}% 32
\BOOKMARK [1][-]{section.4.3}{\376\377\0004\000.\0003\000\040\000N\000V\000D\000L\000A\000\040\000I\000P\000\040\165\037\142\020\143\317\217\360}{chapter.4}% 33
\BOOKMARK [2][-]{subsection.4.3.1}{\376\377\0004\000.\0003\000.\0001\000\040\127\372\116\216\000\040\000m\000a\000k\000e\000\040\166\204\000\040\000R\000T\000L\000\040\116\343\170\001\165\037\142\020}{section.4.3}% 34
\BOOKMARK [2][-]{subsection.4.3.2}{\376\377\0004\000.\0003\000.\0002\000\040\000R\000A\000M\000\040\117\030\123\026}{section.4.3}% 35
\BOOKMARK [2][-]{subsection.4.3.3}{\376\377\0004\000.\0003\000.\0003\000\040\143\247\122\066\140\073\176\277\123\117\213\256\117\030\123\026\116\016\134\001\210\305}{section.4.3}% 36
\BOOKMARK [1][-]{section.4.4}{\376\377\0004\000.\0004\000\040\000B\000l\000o\000c\000k\000\040\000D\000e\000s\000i\000g\000n\000\040\213\276\213\241}{chapter.4}% 37
\BOOKMARK [2][-]{subsection.4.4.1}{4.4.1\040APB\040to\040AXI\040Bridge}{section.4.4}% 38
\BOOKMARK [2][-]{subsection.4.4.2}{4.4.2\040AXI\040Smart\040Connect}{section.4.4}% 39
\BOOKMARK [2][-]{subsection.4.4.3}{4.4.3\040ZYNQ\0407000+\040AP\040SOC}{section.4.4}% 40
\BOOKMARK [0][-]{chapter.5}{\376\377\173\054\116\224\172\340\000\040\000\040\217\157\116\366\213\276\213\241\133\236\163\260}{}% 41
\BOOKMARK [1][-]{section.5.1}{\376\377\0005\000.\0001\000\040\000N\000V\000D\000L\000A\000\040\217\157\116\366\135\345\121\167\224\376\151\202\217\360}{chapter.5}% 42
\BOOKMARK [1][-]{section.5.2}{\376\377\0005\000.\0002\000\040\000C\000a\000f\000f\000e\000\040\116\016\152\041\127\213\213\255\176\303}{chapter.5}% 43
\BOOKMARK [1][-]{section.5.3}{\376\377\0005\000.\0003\000\040\000T\000e\000n\000s\000o\000r\000R\000T\000\040\116\016\152\041\127\213\221\317\123\026}{chapter.5}% 44
\BOOKMARK [2][-]{subsection.5.3.1}{\376\377\0005\000.\0003\000.\0001\000\040\000T\000e\000n\000s\000o\000r\000R\000T\000\040\221\317\123\026\123\237\164\006}{section.5.3}% 45
\BOOKMARK [2][-]{subsection.5.3.2}{\376\377\0005\000.\0003\000.\0002\000\040\221\317\123\026\153\145\232\244\116\016\174\276\136\246\143\137\131\061}{section.5.3}% 46
\BOOKMARK [2][-]{subsection.5.3.3}{\376\377\0005\000.\0003\000.\0003\000\040\000c\000a\000l\000i\000b\000t\000a\000b\000e\000l\000\040\165\037\142\020}{section.5.3}% 47
\BOOKMARK [1][-]{section.5.4}{\376\377\0005\000.\0004\000\040\000U\000b\000u\000n\000t\000u\000\040\0001\0006\000.\0000\0004\000\040\135\114\121\145\137\017\144\315\117\134\174\373\176\337\171\373\151\015}{chapter.5}% 48
\BOOKMARK [2][-]{subsection.5.4.1}{\376\377\0005\000.\0004\000.\0001\000\040\000P\000e\000t\000a\000l\000i\000n\000u\000x\000\040\135\345\121\167\116\313\176\315}{section.5.4}% 49
\BOOKMARK [2][-]{subsection.5.4.2}{\376\377\0005\000.\0004\000.\0002\000\040\224\210\133\371\170\154\116\366\213\276\213\241\166\204\124\057\122\250\145\207\116\366\122\066\117\134}{section.5.4}% 50
\BOOKMARK [2][-]{subsection.5.4.3}{\376\377\0005\000.\0004\000.\0003\000\040\146\377\143\142\150\071\145\207\116\366\174\373\176\337}{section.5.4}% 51
\BOOKMARK [1][-]{section.5.5}{\376\377\0005\000.\0005\000\040\000K\000M\000D\000\040\121\205\150\070\172\013\136\217\143\002\217\175}{chapter.5}% 52
\BOOKMARK [2][-]{subsection.5.5.1}{\376\377\0005\000.\0005\000.\0001\000\040\000L\000i\000n\000u\000x\000\040\213\276\131\007\150\021\145\260\130\236\202\202\160\271}{section.5.5}% 53
\BOOKMARK [2][-]{subsection.5.5.2}{\376\377\0005\000.\0005\000.\0002\000\040\000P\000e\000t\000a\000l\000i\000n\000u\000x\000\040\121\205\150\070\155\373\122\240\136\224\165\050}{section.5.5}% 54
\BOOKMARK [2][-]{subsection.5.5.3}{\376\377\0005\000.\0005\000.\0003\000\040\232\161\122\250\172\013\136\217\122\240\217\175}{section.5.5}% 55
\BOOKMARK [1][-]{section.5.6}{\376\377\0005\000.\0006\000\040\000U\000M\000D\000\040\136\224\165\050\172\013\136\217\177\026\213\321}{chapter.5}% 56
\BOOKMARK [2][-]{subsection.5.6.1}{\376\377\0005\000.\0006\000.\0001\000\040\000L\000I\000B\000J\000P\000E\000G\000\040\224\376\143\245\136\223\177\026\213\321}{section.5.6}% 57
\BOOKMARK [2][-]{subsection.5.6.2}{\376\377\0005\000.\0006\000.\0002\000\040\000U\000M\000D\000\040\147\204\136\372}{section.5.6}% 58
\BOOKMARK [2][-]{subsection.5.6.3}{\376\377\0005\000.\0006\000.\0003\000\040\000R\000u\000n\000t\000i\000m\000e\000\040\155\113\213\325}{section.5.6}% 59
\BOOKMARK [0][-]{chapter.6}{\376\377\173\054\121\155\172\340\000\040\000\040\155\113\213\325\116\016\122\006\147\220}{}% 60
\BOOKMARK [1][-]{section.6.1}{\376\377\0006\000.\0001\000\040\215\104\156\220\122\051\165\050\163\207}{chapter.6}% 61
\BOOKMARK [1][-]{section.6.2}{\376\377\0006\000.\0002\000\040\147\000\131\047\135\345\117\134\230\221\163\207\122\006\147\220}{chapter.6}% 62
\BOOKMARK [1][-]{section.6.3}{\376\377\0006\000.\0003\000\040\127\372\116\216\000\040\000N\000V\000D\000L\000A\000\040\166\204\170\154\116\366\122\240\220\037\174\373\176\337\140\047\200\375\213\304\117\060}{chapter.6}% 63
\BOOKMARK [2][-]{subsection.6.3.1}{\376\377\0006\000.\0003\000.\0001\000\040\133\236\232\214\221\115\177\156}{section.6.3}% 64
\BOOKMARK [2][-]{subsection.6.3.2}{\376\377\0006\000.\0003\000.\0002\000\040\174\276\136\246\133\371\153\324\122\006\147\220}{section.6.3}% 65
\BOOKMARK [2][-]{subsection.6.3.3}{\376\377\0006\000.\0003\000.\0003\000\040\143\250\164\006\220\037\136\246\122\006\147\220}{section.6.3}% 66
\BOOKMARK [0][-]{chapter.7}{\376\377\173\054\116\003\172\340\000\040\000\040\140\073\176\323\116\016\134\125\147\033}{}% 67
\BOOKMARK [0][-]{section*.42}{\376\377\123\302\200\003\145\207\163\056}{}% 68
\BOOKMARK [0][-]{chapter*.44}{\376\377\201\364\214\042}{}% 69
\BOOKMARK [0][-]{appendix.A}{\376\377\226\104\137\125\000\040\000A\000\040\000\040}{}% 70
\BOOKMARK [1][-]{section.A.1}{A.1\040small.spec}{appendix.A}% 71
\BOOKMARK [1][-]{section.A.2}{A.2\040Nv_nvdla_wrapper.v}{appendix.A}% 72
\BOOKMARK [1][-]{section.A.3}{\376\377\000A\000.\0003\000\040\000L\000e\000n\000e\000t\0005\000\040\221\317\123\026\121\163\225\056\116\343\170\001}{appendix.A}% 73
\BOOKMARK [1][-]{section.A.4}{A.4\040Cache\040to\040Json}{appendix.A}% 74
\BOOKMARK [1][-]{section.A.5}{A.5\040system-user.dtsi}{appendix.A}% 75
\BOOKMARK [1][-]{section.A.6}{A.6\040Makefile}{appendix.A}% 76
\BOOKMARK [1][-]{section.A.7}{A.7\040opendla.bb}{appendix.A}% 77
